<?xml version="1.0" encoding="UTF-8"?>
<!-- Generated by org.testng.reporters.JUnitReportReporter -->
<testsuite hostname="1488-ПК" failures="0" tests="2" name="by.training.service.creator.MatrixIntegerCreatorTest" time="0.038" errors="0" timestamp="2021-06-14T12:41:35 MSK" skipped="0">
  <testcase classname="by.training.service.creator.MatrixIntegerCreatorTest" name="createMatrixTest" time="0.033"/>
  <system-out/>
  <testcase classname="by.training.service.creator.MatrixIntegerCreatorTest" name="createMatrixTest" time="0.005"/>
  <system-out/>
</testsuite> <!-- by.training.service.creator.MatrixIntegerCreatorTest -->
