<?xml version="1.0" encoding="UTF-8"?>
<!-- Generated by org.testng.reporters.JUnitReportReporter -->
<testsuite hostname="1488-ПК" failures="0" tests="18" name="by.training.service.sorting.InsertsHashNumberSortingTest" time="0.092" errors="0" timestamp="2021-06-13T22:04:27 MSK" skipped="0">
  <testcase classname="by.training.service.sorting.InsertsHashNumberSortingTest" name="decrSortingTest" time="0.015"/>
  <system-out/>
  <testcase classname="by.training.service.sorting.InsertsHashNumberSortingTest" name="incrSortingTest" time="0.000"/>
  <system-out/>
  <testcase classname="by.training.service.sorting.InsertsHashNumberSortingTest" name="incrSortingTest" time="0.000"/>
  <system-out/>
  <testcase classname="by.training.service.sorting.InsertsHashNumberSortingTest" name="incrSortingTest" time="0.000"/>
  <system-out/>
  <testcase classname="by.training.service.sorting.InsertsHashNumberSortingTest" name="incrSortingTest" time="0.000"/>
  <system-out/>
  <testcase classname="by.training.service.sorting.InsertsHashNumberSortingTest" name="incrSortingTest" time="0.000"/>
  <system-out/>
  <testcase classname="by.training.service.sorting.InsertsHashNumberSortingTest" name="decrSortingTest" time="0.031"/>
  <system-out/>
  <testcase classname="by.training.service.sorting.InsertsHashNumberSortingTest" name="incrSortingTest" time="0.000"/>
  <system-out/>
  <testcase classname="by.training.service.sorting.InsertsHashNumberSortingTest" name="decrSortingTest" time="0.000"/>
  <system-out/>
  <testcase classname="by.training.service.sorting.InsertsHashNumberSortingTest" name="decrSortingTest" time="0.000"/>
  <system-out/>
  <testcase classname="by.training.service.sorting.InsertsHashNumberSortingTest" name="incrSortingTest" time="0.000"/>
  <system-out/>
  <testcase classname="by.training.service.sorting.InsertsHashNumberSortingTest" name="incrSortingTest" time="0.000"/>
  <system-out/>
  <testcase classname="by.training.service.sorting.InsertsHashNumberSortingTest" name="decrSortingTest" time="0.000"/>
  <system-out/>
  <testcase classname="by.training.service.sorting.InsertsHashNumberSortingTest" name="decrSortingTest" time="0.016"/>
  <system-out/>
  <testcase classname="by.training.service.sorting.InsertsHashNumberSortingTest" name="decrSortingTest" time="0.000"/>
  <system-out/>
  <testcase classname="by.training.service.sorting.InsertsHashNumberSortingTest" name="decrSortingTest" time="0.000"/>
  <system-out/>
  <testcase classname="by.training.service.sorting.InsertsHashNumberSortingTest" name="incrSortingTest" time="0.015"/>
  <system-out/>
  <testcase classname="by.training.service.sorting.InsertsHashNumberSortingTest" name="decrSortingTest" time="0.015"/>
  <system-out/>
</testsuite> <!-- by.training.service.sorting.InsertsHashNumberSortingTest -->
