<?xml version="1.0" encoding="UTF-8"?>
<!-- Generated by org.testng.reporters.JUnitReportReporter -->
<testsuite hostname="1488-ПК" failures="0" tests="1" name="by.training.service.creator.MyArrayIntegerCreatorTest" time="0.050" errors="0" timestamp="2021-06-14T12:35:48 MSK" skipped="0">
  <testcase classname="by.training.service.creator.MyArrayIntegerCreatorTest" name="createMANegativeTest" time="0.050"/>
  <system-out/>
</testsuite> <!-- by.training.service.creator.MyArrayIntegerCreatorTest -->
