<?xml version="1.0" encoding="UTF-8"?>
<!-- Generated by org.testng.reporters.JUnitReportReporter -->
<testsuite hostname="1488-ПК" failures="0" tests="5" name="by.training.service.creator.MatrixIntegerCreatorTest" time="0.046" errors="0" timestamp="2021-06-13T20:39:07 MSK" skipped="0">
  <testcase classname="by.training.service.creator.MatrixIntegerCreatorTest" name="createMatrixTest" time="0.031"/>
  <system-out/>
  <testcase classname="by.training.service.creator.MatrixIntegerCreatorTest" name="createRandomMatrixNegativeTest" time="0.000"/>
  <system-out/>
  <testcase classname="by.training.service.creator.MatrixIntegerCreatorTest" name="createRandomMatrixNegativeTest" time="0.015"/>
  <system-out/>
  <testcase classname="by.training.service.creator.MatrixIntegerCreatorTest" name="createRandomMatrixNegativeTest" time="0.000"/>
  <system-out/>
  <testcase classname="by.training.service.creator.MatrixIntegerCreatorTest" name="createRandomMatrixNegativeTest" time="0.000"/>
  <system-out/>
</testsuite> <!-- by.training.service.creator.MatrixIntegerCreatorTest -->
