<?xml version="1.0" encoding="UTF-8"?>
<!-- Generated by org.testng.reporters.JUnitReportReporter -->
<testsuite hostname="1488-ПК" failures="0" tests="18" name="by.training.service.sorting.BubbleSortingTest" time="0.127" errors="0" timestamp="2021-06-14T12:44:22 MSK" skipped="0">
  <testcase classname="by.training.service.sorting.BubbleSortingTest" name="decrSortingTest" time="0.000"/>
  <system-out/>
  <testcase classname="by.training.service.sorting.BubbleSortingTest" name="decrSortingTest" time="0.000"/>
  <system-out/>
  <testcase classname="by.training.service.sorting.BubbleSortingTest" name="decrSortingTest" time="0.016"/>
  <system-out/>
  <testcase classname="by.training.service.sorting.BubbleSortingTest" name="incrSortingTest" time="0.000"/>
  <system-out/>
  <testcase classname="by.training.service.sorting.BubbleSortingTest" name="incrSortingTest" time="0.000"/>
  <system-out/>
  <testcase classname="by.training.service.sorting.BubbleSortingTest" name="incrSortingTest" time="0.000"/>
  <system-out/>
  <testcase classname="by.training.service.sorting.BubbleSortingTest" name="incrSortingTest" time="0.000"/>
  <system-out/>
  <testcase classname="by.training.service.sorting.BubbleSortingTest" name="incrSortingTest" time="0.000"/>
  <system-out/>
  <testcase classname="by.training.service.sorting.BubbleSortingTest" name="decrSortingTest" time="0.016"/>
  <system-out/>
  <testcase classname="by.training.service.sorting.BubbleSortingTest" name="incrSortingTest" time="0.016"/>
  <system-out/>
  <testcase classname="by.training.service.sorting.BubbleSortingTest" name="incrSortingTest" time="0.000"/>
  <system-out/>
  <testcase classname="by.training.service.sorting.BubbleSortingTest" name="decrSortingTest" time="0.000"/>
  <system-out/>
  <testcase classname="by.training.service.sorting.BubbleSortingTest" name="incrSortingTest" time="0.063"/>
  <system-out/>
  <testcase classname="by.training.service.sorting.BubbleSortingTest" name="decrSortingTest" time="0.000"/>
  <system-out/>
  <testcase classname="by.training.service.sorting.BubbleSortingTest" name="decrSortingTest" time="0.000"/>
  <system-out/>
  <testcase classname="by.training.service.sorting.BubbleSortingTest" name="decrSortingTest" time="0.000"/>
  <system-out/>
  <testcase classname="by.training.service.sorting.BubbleSortingTest" name="decrSortingTest" time="0.016"/>
  <system-out/>
  <testcase classname="by.training.service.sorting.BubbleSortingTest" name="incrSortingTest" time="0.000"/>
  <system-out/>
</testsuite> <!-- by.training.service.sorting.BubbleSortingTest -->
