<?xml version="1.0" encoding="UTF-8"?>
<!-- Generated by org.testng.reporters.JUnitReportReporter -->
<testsuite hostname="1488-ПК" failures="0" tests="2" name="by.training.service.creator.MyArrayIntegerCreatorTest" time="0.016" errors="0" timestamp="2021-06-13T20:50:05 MSK" skipped="0">
  <testcase classname="by.training.service.creator.MyArrayIntegerCreatorTest" name="createOneNumMANegativeTest" time="0.016"/>
  <system-out/>
  <testcase classname="by.training.service.creator.MyArrayIntegerCreatorTest" name="createOneNumMANegativeTest" time="0.000"/>
  <system-out/>
</testsuite> <!-- by.training.service.creator.MyArrayIntegerCreatorTest -->
