<?xml version="1.0" encoding="UTF-8"?>
<!-- Generated by org.testng.reporters.JUnitReportReporter -->
<testsuite hostname="1488-ПК" failures="0" tests="6" name="by.training.dal.WorkWithFileTest" time="0.572" errors="0" timestamp="2021-06-09T17:12:51 MSK" skipped="0">
  <testcase classname="by.training.dal.WorkWithFileTest" name="readFileTestNegative2" time="0.060"/>
  <system-out/>
  <testcase classname="by.training.dal.WorkWithFileTest" name="saveInFileTestNegative3" time="0.004"/>
  <system-out/>
  <testcase classname="by.training.dal.WorkWithFileTest" name="readFileTestNegative3" time="0.022"/>
  <system-out/>
  <testcase classname="by.training.dal.WorkWithFileTest" name="saveInFileTest" time="0.013"/>
  <system-out/>
  <testcase classname="by.training.dal.WorkWithFileTest" name="readFileTestNegative1" time="0.005"/>
  <system-out/>
  <testcase classname="by.training.dal.WorkWithFileTest" name="readFileTest" time="0.468"/>
  <system-out/>
</testsuite> <!-- by.training.dal.WorkWithFileTest -->
