<?xml version="1.0" encoding="UTF-8"?>
<!-- Generated by org.testng.reporters.JUnitReportReporter -->
<testsuite hostname="1488-ПК" failures="0" tests="9" name="by.training.service.sorting.InsertsSortingTest" time="0.107" errors="0" timestamp="2021-06-14T12:30:00 MSK" skipped="0">
  <testcase classname="by.training.service.sorting.InsertsSortingTest" name="incrSortingTest" time="0.003"/>
  <system-out/>
  <testcase classname="by.training.service.sorting.InsertsSortingTest" name="incrSortingTest" time="0.005"/>
  <system-out/>
  <testcase classname="by.training.service.sorting.InsertsSortingTest" name="incrSortingTest" time="0.003"/>
  <system-out/>
  <testcase classname="by.training.service.sorting.InsertsSortingTest" name="incrSortingTest" time="0.079"/>
  <system-out/>
  <testcase classname="by.training.service.sorting.InsertsSortingTest" name="incrSortingTest" time="0.004"/>
  <system-out/>
  <testcase classname="by.training.service.sorting.InsertsSortingTest" name="incrSortingTest" time="0.004"/>
  <system-out/>
  <testcase classname="by.training.service.sorting.InsertsSortingTest" name="incrSortingTest" time="0.004"/>
  <system-out/>
  <testcase classname="by.training.service.sorting.InsertsSortingTest" name="incrSortingTest" time="0.002"/>
  <system-out/>
  <testcase classname="by.training.service.sorting.InsertsSortingTest" name="incrSortingTest" time="0.003"/>
  <system-out/>
</testsuite> <!-- by.training.service.sorting.InsertsSortingTest -->
