<?xml version="1.0" encoding="UTF-8"?>
<!-- Generated by org.testng.reporters.JUnitReportReporter -->
<testsuite hostname="1488-ПК" failures="0" tests="6" name="by.training.service.sorting.MatrixCalculationImplTest" time="0.062" errors="0" timestamp="2021-06-13T23:10:02 MSK" skipped="0">
  <testcase classname="by.training.service.sorting.MatrixCalculationImplTest" name="matrixMultiplicationTest" time="0.000"/>
  <system-out/>
  <testcase classname="by.training.service.sorting.MatrixCalculationImplTest" name="matrixSubtractionTest" time="0.000"/>
  <system-out/>
  <testcase classname="by.training.service.sorting.MatrixCalculationImplTest" name="matrixAdditionTest" time="0.031"/>
  <system-out/>
  <testcase classname="by.training.service.sorting.MatrixCalculationImplTest" name="matrixMultiplicationTest" time="0.015"/>
  <system-out/>
  <testcase classname="by.training.service.sorting.MatrixCalculationImplTest" name="matrixSubtractionTest" time="0.000"/>
  <system-out/>
  <testcase classname="by.training.service.sorting.MatrixCalculationImplTest" name="matrixAdditionTest" time="0.016"/>
  <system-out/>
</testsuite> <!-- by.training.service.sorting.MatrixCalculationImplTest -->
