<?xml version="1.0" encoding="UTF-8"?>
<!-- Generated by org.testng.reporters.JUnitReportReporter -->
<testsuite hostname="1488-ПК" failures="0" tests="18" name="by.training.service.sorting.BinaryMergingSortingTest" time="0.118" errors="0" timestamp="2021-06-14T15:50:00 MSK" skipped="0">
  <testcase classname="by.training.service.sorting.BinaryMergingSortingTest" name="decrSortingTest" time="0.004"/>
  <system-out/>
  <testcase classname="by.training.service.sorting.BinaryMergingSortingTest" name="decrSortingTest" time="0.004"/>
  <system-out/>
  <testcase classname="by.training.service.sorting.BinaryMergingSortingTest" name="decrSortingTest" time="0.039"/>
  <system-out/>
  <testcase classname="by.training.service.sorting.BinaryMergingSortingTest" name="incrSortingTest" time="0.004"/>
  <system-out/>
  <testcase classname="by.training.service.sorting.BinaryMergingSortingTest" name="incrSortingTest" time="0.003"/>
  <system-out/>
  <testcase classname="by.training.service.sorting.BinaryMergingSortingTest" name="incrSortingTest" time="0.004"/>
  <system-out/>
  <testcase classname="by.training.service.sorting.BinaryMergingSortingTest" name="incrSortingTest" time="0.003"/>
  <system-out/>
  <testcase classname="by.training.service.sorting.BinaryMergingSortingTest" name="incrSortingTest" time="0.004"/>
  <system-out/>
  <testcase classname="by.training.service.sorting.BinaryMergingSortingTest" name="decrSortingTest" time="0.003"/>
  <system-out/>
  <testcase classname="by.training.service.sorting.BinaryMergingSortingTest" name="incrSortingTest" time="0.003"/>
  <system-out/>
  <testcase classname="by.training.service.sorting.BinaryMergingSortingTest" name="incrSortingTest" time="0.003"/>
  <system-out/>
  <testcase classname="by.training.service.sorting.BinaryMergingSortingTest" name="decrSortingTest" time="0.004"/>
  <system-out/>
  <testcase classname="by.training.service.sorting.BinaryMergingSortingTest" name="incrSortingTest" time="0.003"/>
  <system-out/>
  <testcase classname="by.training.service.sorting.BinaryMergingSortingTest" name="decrSortingTest" time="0.003"/>
  <system-out/>
  <testcase classname="by.training.service.sorting.BinaryMergingSortingTest" name="decrSortingTest" time="0.004"/>
  <system-out/>
  <testcase classname="by.training.service.sorting.BinaryMergingSortingTest" name="decrSortingTest" time="0.004"/>
  <system-out/>
  <testcase classname="by.training.service.sorting.BinaryMergingSortingTest" name="decrSortingTest" time="0.005"/>
  <system-out/>
  <testcase classname="by.training.service.sorting.BinaryMergingSortingTest" name="incrSortingTest" time="0.021"/>
  <system-out/>
</testsuite> <!-- by.training.service.sorting.BinaryMergingSortingTest -->
