<?xml version="1.0" encoding="UTF-8"?>
<!-- Generated by org.testng.reporters.JUnitReportReporter -->
<testsuite hostname="1488-ПК" failures="0" tests="10" name="by.training.service.MatrixCalculationImplTest" time="0.106" errors="0" timestamp="2021-06-14T13:22:00 MSK" skipped="0">
  <testcase classname="by.training.service.MatrixCalculationImplTest" name="matrixSubtractionTest" time="0.027"/>
  <system-out/>
  <testcase classname="by.training.service.MatrixCalculationImplTest" name="matrixMultiplicationTest" time="0.007"/>
  <system-out/>
  <testcase classname="by.training.service.MatrixCalculationImplTest" name="matrixMultiplicationTest" time="0.007"/>
  <system-out/>
  <testcase classname="by.training.service.MatrixCalculationImplTest" name="matrixAdditionTest" time="0.010"/>
  <system-out/>
  <testcase classname="by.training.service.MatrixCalculationImplTest" name="matrixMultiplicationNegativeTest" time="0.003"/>
  <system-out/>
  <testcase classname="by.training.service.MatrixCalculationImplTest" name="matrixAdditionNegativeTest" time="0.015"/>
  <system-out/>
  <testcase classname="by.training.service.MatrixCalculationImplTest" name="matrixSubtractionNegativeTest" time="0.007"/>
  <system-out/>
  <testcase classname="by.training.service.MatrixCalculationImplTest" name="matrixAdditionTest" time="0.010"/>
  <system-out/>
  <testcase classname="by.training.service.MatrixCalculationImplTest" name="matrixMultiplicationTest" time="0.011"/>
  <system-out/>
  <testcase classname="by.training.service.MatrixCalculationImplTest" name="matrixSubtractionTest" time="0.009"/>
  <system-out/>
</testsuite> <!-- by.training.service.MatrixCalculationImplTest -->
