<?xml version="1.0" encoding="UTF-8"?>
<!-- Generated by org.testng.reporters.JUnitReportReporter -->
<testsuite hostname="1488-ПК" failures="0" tests="3" name="by.training.service.creator.MatrixBigDecimalCreatorTest" time="0.094" errors="0" timestamp="2021-06-13T20:32:25 MSK" skipped="0">
  <testcase classname="by.training.service.creator.MatrixBigDecimalCreatorTest" name="createEmptyMatrixNegativeTest" time="0.000"/>
  <system-out/>
  <testcase classname="by.training.service.creator.MatrixBigDecimalCreatorTest" name="createEmptyMatrixNegativeTest" time="0.000"/>
  <system-out/>
  <testcase classname="by.training.service.creator.MatrixBigDecimalCreatorTest" name="createEmptyMatrixNegativeTest" time="0.094"/>
  <system-out/>
</testsuite> <!-- by.training.service.creator.MatrixBigDecimalCreatorTest -->
