<?xml version="1.0" encoding="UTF-8"?>
<!-- Generated by org.testng.reporters.JUnitReportReporter -->
<testsuite hostname="1488-ПК" failures="0" tests="9" name="by.training.service.creator.CarCreatorTest" time="0.106" errors="0" timestamp="2021-06-19T17:15:47 MSK" skipped="0">
  <testcase classname="by.training.service.creator.CarCreatorTest" name="createCarNegativeTest" time="0.035"/>
  <system-out/>
  <testcase classname="by.training.service.creator.CarCreatorTest" name="createCarNegativeTest" time="0.005"/>
  <system-out/>
  <testcase classname="by.training.service.creator.CarCreatorTest" name="createCarNegativeTest" time="0.005"/>
  <system-out/>
  <testcase classname="by.training.service.creator.CarCreatorTest" name="createCarNegativeTest" time="0.004"/>
  <system-out/>
  <testcase classname="by.training.service.creator.CarCreatorTest" name="createCarNegativeTest" time="0.003"/>
  <system-out/>
  <testcase classname="by.training.service.creator.CarCreatorTest" name="createCarNegativeTest" time="0.005"/>
  <system-out/>
  <testcase classname="by.training.service.creator.CarCreatorTest" name="createCarNegativeTest" time="0.004"/>
  <system-out/>
  <testcase classname="by.training.service.creator.CarCreatorTest" name="createCarNegativeTest" time="0.040"/>
  <system-out/>
  <testcase classname="by.training.service.creator.CarCreatorTest" name="createCarNegativeTest" time="0.005"/>
  <system-out/>
</testsuite> <!-- by.training.service.creator.CarCreatorTest -->
