<?xml version="1.0" encoding="UTF-8"?>
<!-- Generated by org.testng.reporters.JUnitReportReporter -->
<testsuite hostname="1488-ПК" failures="0" tests="1" name="by.training.service.creator.EngineCreatorTest" time="0.038" errors="0" timestamp="2021-06-19T17:30:24 MSK" skipped="0">
  <testcase classname="by.training.service.creator.EngineCreatorTest" name="createCarNegativeTest" time="0.038"/>
  <system-out/>
</testsuite> <!-- by.training.service.creator.EngineCreatorTest -->
