<?xml version="1.0" encoding="UTF-8"?>
<!-- Generated by org.testng.reporters.JUnitReportReporter -->
<testsuite hostname="1488-ПК" failures="0" tests="5" name="by.training.dal.WorkWithFileTest" time="0.104" errors="0" timestamp="2021-06-19T16:44:14 MSK" skipped="0">
  <testcase classname="by.training.dal.WorkWithFileTest" name="readFileListTest" time="0.038"/>
  <system-out/>
  <testcase classname="by.training.dal.WorkWithFileTest" name="writeInFileTestNegative" time="0.004"/>
  <system-out/>
  <testcase classname="by.training.dal.WorkWithFileTest" name="readFileStringTest" time="0.003"/>
  <system-out/>
  <testcase classname="by.training.dal.WorkWithFileTest" name="readFileListTestNegative" time="0.055"/>
  <system-out/>
  <testcase classname="by.training.dal.WorkWithFileTest" name="readFileStringTestNegative" time="0.004"/>
  <system-out/>
</testsuite> <!-- by.training.dal.WorkWithFileTest -->
