<?xml version="1.0" encoding="UTF-8"?>
<!-- Generated by org.testng.reporters.JUnitReportReporter -->
<testsuite hostname="1488-ПК" failures="0" tests="5" name="by.training.service.LogicImplTest" time="0.384" errors="0" timestamp="2021-06-20T15:13:42 MSK" skipped="0">
  <testcase classname="by.training.service.LogicImplTest" name="takeCarFromFileTest" time="0.012"/>
  <system-out/>
  <testcase classname="by.training.service.LogicImplTest" name="takeCarFromFileTest" time="0.098"/>
  <system-out/>
  <testcase classname="by.training.service.LogicImplTest" name="saveCarInFileNegativeTest" time="0.232"/>
  <system-out/>
  <testcase classname="by.training.service.LogicImplTest" name="takeCarFromFileNegativeTest1" time="0.004"/>
  <system-out/>
  <testcase classname="by.training.service.LogicImplTest" name="takeCarFromFileNegativeTest2" time="0.038"/>
  <system-out/>
</testsuite> <!-- by.training.service.LogicImplTest -->
