<?xml version="1.0" encoding="UTF-8"?>
<!-- Generated by org.testng.reporters.JUnitReportReporter -->
<testsuite hostname="1488-ПК" failures="0" tests="1" name="by.training.service.creator.WheelCreatorTest" time="0.033" errors="0" timestamp="2021-06-19T17:32:20 MSK" skipped="0">
  <testcase classname="by.training.service.creator.WheelCreatorTest" name="createWheelNegativeTest" time="0.033"/>
  <system-out/>
</testsuite> <!-- by.training.service.creator.WheelCreatorTest -->
