<?xml version="1.0" encoding="UTF-8"?>
<!-- Generated by org.testng.reporters.JUnitReportReporter -->
<testsuite hostname="1488-ПК" failures="0" tests="55" name="by.training.service.CarLogicImplTest" time="0.623" errors="0" timestamp="2021-06-20T17:15:09 MSK" skipped="0">
  <testcase classname="by.training.service.CarLogicImplTest" name="rideNegativeTest2" time="0.028"/>
  <system-out/>
  <testcase classname="by.training.service.CarLogicImplTest" name="rideFalseTest" time="0.004"/>
  <system-out/>
  <testcase classname="by.training.service.CarLogicImplTest" name="refuelTrueTest" time="0.002"/>
  <system-out/>
  <testcase classname="by.training.service.CarLogicImplTest" name="rideTrueTest" time="0.001"/>
  <system-out/>
  <testcase classname="by.training.service.CarLogicImplTest" name="changeWheelNegativeTest3" time="0.023"/>
  <system-out/>
  <testcase classname="by.training.service.CarLogicImplTest" name="rideFalseTest" time="0.003"/>
  <system-out/>
  <testcase classname="by.training.service.CarLogicImplTest" name="refuelTrueTest" time="0.020"/>
  <system-out/>
  <testcase classname="by.training.service.CarLogicImplTest" name="refuelTrueTest" time="0.002"/>
  <system-out/>
  <testcase classname="by.training.service.CarLogicImplTest" name="refuelTrueTest" time="0.002"/>
  <system-out/>
  <testcase classname="by.training.service.CarLogicImplTest" name="rideTrueTest" time="0.001"/>
  <system-out/>
  <testcase classname="by.training.service.CarLogicImplTest" name="refuelTrueTest" time="0.037"/>
  <system-out/>
  <testcase classname="by.training.service.CarLogicImplTest" name="rideFalseTest" time="0.002"/>
  <system-out/>
  <testcase classname="by.training.service.CarLogicImplTest" name="refuelTrueTest" time="0.003"/>
  <system-out/>
  <testcase classname="by.training.service.CarLogicImplTest" name="rideTrueTest" time="0.001"/>
  <system-out/>
  <testcase classname="by.training.service.CarLogicImplTest" name="refuelNegativeTest2" time="0.002"/>
  <system-out/>
  <testcase classname="by.training.service.CarLogicImplTest" name="changeWheelTrueTest" time="0.003"/>
  <system-out/>
  <testcase classname="by.training.service.CarLogicImplTest" name="rideFalseTest" time="0.017"/>
  <system-out/>
  <testcase classname="by.training.service.CarLogicImplTest" name="refuelTrueTest" time="0.003"/>
  <system-out/>
  <testcase classname="by.training.service.CarLogicImplTest" name="rideTrueTest" time="0.021"/>
  <system-out/>
  <testcase classname="by.training.service.CarLogicImplTest" name="refuelFalseTest" time="0.003"/>
  <system-out/>
  <testcase classname="by.training.service.CarLogicImplTest" name="refuelTrueTest" time="0.001"/>
  <system-out/>
  <testcase classname="by.training.service.CarLogicImplTest" name="changeWheelTrueTest" time="0.005"/>
  <system-out/>
  <testcase classname="by.training.service.CarLogicImplTest" name="refuelTrueTest" time="0.037"/>
  <system-out/>
  <testcase classname="by.training.service.CarLogicImplTest" name="rideTrueTest" time="0.001"/>
  <system-out/>
  <testcase classname="by.training.service.CarLogicImplTest" name="refuelTrueTest" time="0.010"/>
  <system-out/>
  <testcase classname="by.training.service.CarLogicImplTest" name="changeWheelNegativeTest2" time="0.010"/>
  <system-out/>
  <testcase classname="by.training.service.CarLogicImplTest" name="rideFalseTest" time="0.003"/>
  <system-out/>
  <testcase classname="by.training.service.CarLogicImplTest" name="refuelTrueTest" time="0.002"/>
  <system-out/>
  <testcase classname="by.training.service.CarLogicImplTest" name="rideTrueTest" time="0.002"/>
  <system-out/>
  <testcase classname="by.training.service.CarLogicImplTest" name="rideTrueTest" time="0.001"/>
  <system-out/>
  <testcase classname="by.training.service.CarLogicImplTest" name="rideTrueTest" time="0.001"/>
  <system-out/>
  <testcase classname="by.training.service.CarLogicImplTest" name="changeWheelTrueTest" time="0.003"/>
  <system-out/>
  <testcase classname="by.training.service.CarLogicImplTest" name="refuelTrueTest" time="0.002"/>
  <system-out/>
  <testcase classname="by.training.service.CarLogicImplTest" name="rideTrueTest" time="0.002"/>
  <system-out/>
  <testcase classname="by.training.service.CarLogicImplTest" name="refuelTrueTest" time="0.004"/>
  <system-out/>
  <testcase classname="by.training.service.CarLogicImplTest" name="refuelTrueTest" time="0.003"/>
  <system-out/>
  <testcase classname="by.training.service.CarLogicImplTest" name="rideFalseTest" time="0.004"/>
  <system-out/>
  <testcase classname="by.training.service.CarLogicImplTest" name="changeWheelNegativeTest1" time="0.286"/>
  <system-out/>
  <testcase classname="by.training.service.CarLogicImplTest" name="rideNegativeTest1" time="0.002"/>
  <system-out/>
  <testcase classname="by.training.service.CarLogicImplTest" name="refuelTrueTest" time="0.002"/>
  <system-out/>
  <testcase classname="by.training.service.CarLogicImplTest" name="changeWheelTrueTest" time="0.009"/>
  <system-out/>
  <testcase classname="by.training.service.CarLogicImplTest" name="refuelTrueTest" time="0.003"/>
  <system-out/>
  <testcase classname="by.training.service.CarLogicImplTest" name="rideTrueTest" time="0.001"/>
  <system-out/>
  <testcase classname="by.training.service.CarLogicImplTest" name="rideTrueTest" time="0.001"/>
  <system-out/>
  <testcase classname="by.training.service.CarLogicImplTest" name="rideTrueTest" time="0.002"/>
  <system-out/>
  <testcase classname="by.training.service.CarLogicImplTest" name="changeWheelTrueTest" time="0.003"/>
  <system-out/>
  <testcase classname="by.training.service.CarLogicImplTest" name="refuelTrueTest" time="0.002"/>
  <system-out/>
  <testcase classname="by.training.service.CarLogicImplTest" name="refuelTrueTest" time="0.002"/>
  <system-out/>
  <testcase classname="by.training.service.CarLogicImplTest" name="refuelNegativeTest1" time="0.029"/>
  <system-out/>
  <testcase classname="by.training.service.CarLogicImplTest" name="rideFalseTest" time="0.002"/>
  <system-out/>
  <testcase classname="by.training.service.CarLogicImplTest" name="changeWheelTrueTest" time="0.002"/>
  <system-out/>
  <testcase classname="by.training.service.CarLogicImplTest" name="rideTrueTest" time="0.002"/>
  <system-out/>
  <testcase classname="by.training.service.CarLogicImplTest" name="refuelTrueTest" time="0.002"/>
  <system-out/>
  <testcase classname="by.training.service.CarLogicImplTest" name="refuelTrueTest" time="0.002"/>
  <system-out/>
  <testcase classname="by.training.service.CarLogicImplTest" name="rideTrueTest" time="0.002"/>
  <system-out/>
</testsuite> <!-- by.training.service.CarLogicImplTest -->
