<?xml version="1.0" encoding="UTF-8"?>
<!-- Generated by org.testng.reporters.JUnitReportReporter -->
<testsuite hostname="1488-ПК" failures="0" tests="1" name="by.training.service.creator.SphereLogicTest" time="0.021" errors="0" timestamp="2021-07-08T13:43:44 MSK" skipped="0">
  <testcase classname="by.training.service.creator.SphereLogicTest" name="calculateCuttingVolumeRatioTestNegative" time="0.021"/>
  <system-out/>
</testsuite> <!-- by.training.service.creator.SphereLogicTest -->
