<?xml version="1.0" encoding="UTF-8"?>
<!-- Generated by org.testng.reporters.JUnitReportReporter -->
<testsuite hostname="1488-ПК" failures="0" tests="2" name="by.training.dal.WorkWithFileImplTest" time="0.134" errors="0" timestamp="2021-06-30T21:05:01 MSK" skipped="0">
  <testcase classname="by.training.dal.WorkWithFileImplTest" name="readFileListTestNegative" time="0.005"/>
  <system-out/>
  <testcase classname="by.training.dal.WorkWithFileImplTest" name="readFileListTest" time="0.129"/>
  <system-out/>
</testsuite> <!-- by.training.dal.WorkWithFileImplTest -->
