<?xml version="1.0" encoding="UTF-8"?>
<!-- Generated by org.testng.reporters.JUnitReportReporter -->
<testsuite hostname="1488-ПК" failures="0" tests="15" name="by.training.service.creator.CoordinateCreatorTest" time="0.391" errors="0" timestamp="2021-07-01T15:38:35 MSK" skipped="0">
  <testcase classname="by.training.service.creator.CoordinateCreatorTest" name="createCoordinateNegativeTest1" time="0.020"/>
  <system-out/>
  <testcase classname="by.training.service.creator.CoordinateCreatorTest" name="createCoordinateNegativeTest1" time="0.002"/>
  <system-out/>
  <testcase classname="by.training.service.creator.CoordinateCreatorTest" name="createCoordinateNegativeTest1" time="0.178"/>
  <system-out/>
  <testcase classname="by.training.service.creator.CoordinateCreatorTest" name="createCoordinateNegativeTest1" time="0.004"/>
  <system-out/>
  <testcase classname="by.training.service.creator.CoordinateCreatorTest" name="createCoordinateNegativeTest1" time="0.002"/>
  <system-out/>
  <testcase classname="by.training.service.creator.CoordinateCreatorTest" name="createCoordinateNegativeTest1" time="0.139"/>
  <system-out/>
  <testcase classname="by.training.service.creator.CoordinateCreatorTest" name="createCoordinateNegativeTest1" time="0.009"/>
  <system-out/>
  <testcase classname="by.training.service.creator.CoordinateCreatorTest" name="createCoordinateNegativeTest1" time="0.003"/>
  <system-out/>
  <testcase classname="by.training.service.creator.CoordinateCreatorTest" name="createCoordinateNegativeTest1" time="0.001"/>
  <system-out/>
  <testcase classname="by.training.service.creator.CoordinateCreatorTest" name="createCoordinateNegativeTest1" time="0.012"/>
  <system-out/>
  <testcase classname="by.training.service.creator.CoordinateCreatorTest" name="createCoordinateNegativeTest1" time="0.003"/>
  <system-out/>
  <testcase classname="by.training.service.creator.CoordinateCreatorTest" name="createCoordinateNegativeTest1" time="0.003"/>
  <system-out/>
  <testcase classname="by.training.service.creator.CoordinateCreatorTest" name="createCoordinateNegativeTest1" time="0.001"/>
  <system-out/>
  <testcase classname="by.training.service.creator.CoordinateCreatorTest" name="createCoordinateNegativeTest1" time="0.004"/>
  <system-out/>
  <testcase classname="by.training.service.creator.CoordinateCreatorTest" name="createCoordinateNegativeTest1" time="0.010"/>
  <system-out/>
</testsuite> <!-- by.training.service.creator.CoordinateCreatorTest -->
