<?xml version="1.0" encoding="UTF-8"?>
<!-- Generated by org.testng.reporters.JUnitReportReporter -->
<testsuite hostname="1488-ПК" failures="0" tests="13" name="by.training.num13.Num13LogicTest" time="0.055" errors="0" timestamp="2021-05-29T11:35:13 MSK" skipped="0">
  <testcase classname="by.training.num13.Num13LogicTest" name="testSum" time="0.002"/>
  <system-out/>
  <testcase classname="by.training.num13.Num13LogicTest" name="testSum" time="0.002"/>
  <system-out/>
  <testcase classname="by.training.num13.Num13LogicTest" name="testCountSquare" time="0.002"/>
  <system-out/>
  <testcase classname="by.training.num13.Num13LogicTest" name="testSum" time="0.002"/>
  <system-out/>
  <testcase classname="by.training.num13.Num13LogicTest" name="testSum" time="0.002"/>
  <system-out/>
  <testcase classname="by.training.num13.Num13LogicTest" name="testSum" time="0.001"/>
  <system-out/>
  <testcase classname="by.training.num13.Num13LogicTest" name="testSum" time="0.002"/>
  <system-out/>
  <testcase classname="by.training.num13.Num13LogicTest" name="testSum" time="0.002"/>
  <system-out/>
  <testcase classname="by.training.num13.Num13LogicTest" name="testSum" time="0.002"/>
  <system-out/>
  <testcase classname="by.training.num13.Num13LogicTest" name="testSum" time="0.002"/>
  <system-out/>
  <testcase classname="by.training.num13.Num13LogicTest" name="testCountSizes" time="0.004"/>
  <system-out/>
  <testcase classname="by.training.num13.Num13LogicTest" name="testSum" time="0.002"/>
  <system-out/>
  <testcase classname="by.training.num13.Num13LogicTest" name="testCountPerimiter" time="0.030"/>
  <system-out/>
</testsuite> <!-- by.training.num13.Num13LogicTest -->
