<?xml version="1.0" encoding="UTF-8"?>
<!-- Generated by org.testng.reporters.JUnitReportReporter -->
<testsuite hostname="1488-ПК" failures="0" tests="15" name="by.training.task06.service.ThreadLockServiceTest" time="1.501" errors="0" timestamp="2021-07-15T16:51:21 MSK" skipped="0">
  <testcase classname="by.training.task06.service.ThreadLockServiceTest" name="ThreadLongAdderActionPositiveValue" time="0.296"/>
  <system-out/>
  <testcase classname="by.training.task06.service.ThreadLockServiceTest" name="ThreadLongAdderActionPositiveValue" time="0.099"/>
  <system-out/>
  <testcase classname="by.training.task06.service.ThreadLockServiceTest" name="ThreadLongAdderActionPositiveValue" time="0.154"/>
  <system-out/>
  <testcase classname="by.training.task06.service.ThreadLockServiceTest" name="ThreadLongAdderActionPositiveValue" time="0.049"/>
  <system-out/>
  <testcase classname="by.training.task06.service.ThreadLockServiceTest" name="ThreadLongAdderActionPositiveValue" time="0.070"/>
  <system-out/>
  <testcase classname="by.training.task06.service.ThreadLockServiceTest" name="ThreadLongAdderActionPositiveValue" time="0.132"/>
  <system-out/>
  <testcase classname="by.training.task06.service.ThreadLockServiceTest" name="ThreadLongAdderActionPositiveValue" time="0.087"/>
  <system-out/>
  <testcase classname="by.training.task06.service.ThreadLockServiceTest" name="ThreadLongAdderActionPositiveValue" time="0.066"/>
  <system-out/>
  <testcase classname="by.training.task06.service.ThreadLockServiceTest" name="ThreadLongAdderActionPositiveValue" time="0.034"/>
  <system-out/>
  <testcase classname="by.training.task06.service.ThreadLockServiceTest" name="ThreadLongAdderActionPositiveValue" time="0.054"/>
  <system-out/>
  <testcase classname="by.training.task06.service.ThreadLockServiceTest" name="ThreadLongAdderActionPositiveValue" time="0.118"/>
  <system-out/>
  <testcase classname="by.training.task06.service.ThreadLockServiceTest" name="ThreadLongAdderActionPositiveValue" time="0.149"/>
  <system-out/>
  <testcase classname="by.training.task06.service.ThreadLockServiceTest" name="ThreadLongAdderActionPositiveValue" time="0.071"/>
  <system-out/>
  <testcase classname="by.training.task06.service.ThreadLockServiceTest" name="ThreadLongAdderActionPositiveValue" time="0.069"/>
  <system-out/>
  <testcase classname="by.training.task06.service.ThreadLockServiceTest" name="ThreadLongAdderActionPositiveValue" time="0.053"/>
  <system-out/>
</testsuite> <!-- by.training.task06.service.ThreadLockServiceTest -->
