<?xml version="1.0" encoding="UTF-8"?>
<!-- Generated by org.testng.reporters.JUnitReportReporter -->
<testsuite hostname="1488-ПК" failures="0" tests="11" name="by.training.task06.service.ThreadServiceTest" time="0.535" errors="0" timestamp="2021-07-15T18:06:51 MSK" skipped="0">
  <testcase classname="by.training.task06.service.ThreadServiceTest" name="threadLongAdderActionNegativeTest" time="0.096"/>
  <system-out/>
  <testcase classname="by.training.task06.service.ThreadServiceTest" name="threadLongAdderActionNegativeTest" time="0.005"/>
  <system-out/>
  <testcase classname="by.training.task06.service.ThreadServiceTest" name="threadLongAdderActionNegativeTest" time="0.169"/>
  <system-out/>
  <testcase classname="by.training.task06.service.ThreadServiceTest" name="threadLongAdderActionNegativeTest" time="0.020"/>
  <system-out/>
  <testcase classname="by.training.task06.service.ThreadServiceTest" name="threadLongAdderActionNegativeTest" time="0.003"/>
  <system-out/>
  <testcase classname="by.training.task06.service.ThreadServiceTest" name="threadLongAdderActionNegativeTest" time="0.004"/>
  <system-out/>
  <testcase classname="by.training.task06.service.ThreadServiceTest" name="threadLongAdderActionNegativeTest" time="0.004"/>
  <system-out/>
  <testcase classname="by.training.task06.service.ThreadServiceTest" name="threadLongAdderActionNegativeTest" time="0.098"/>
  <system-out/>
  <testcase classname="by.training.task06.service.ThreadServiceTest" name="threadLongAdderActionNegativeTest" time="0.003"/>
  <system-out/>
  <testcase classname="by.training.task06.service.ThreadServiceTest" name="threadLongAdderActionNegativeTest" time="0.126"/>
  <system-out/>
  <testcase classname="by.training.task06.service.ThreadServiceTest" name="threadLongAdderActionNegativeTest" time="0.007"/>
  <system-out/>
</testsuite> <!-- by.training.task06.service.ThreadServiceTest -->
