<?xml version="1.0" encoding="UTF-8"?>
<!-- Generated by org.testng.reporters.JUnitReportReporter -->
<testsuite hostname="1488-ПК" failures="0" tests="16" name="by.training.service.CoordinateXYLogicTest" time="0.108" errors="0" timestamp="2021-05-29T14:49:57 MSK" skipped="0">
  <testcase classname="by.training.service.CoordinateXYLogicTest" name="testDistanceFromCenter" time="0.004"/>
  <system-out/>
  <testcase classname="by.training.service.CoordinateXYLogicTest" name="testCompareDistanceToBegining" time="0.004"/>
  <system-out/>
  <testcase classname="by.training.service.CoordinateXYLogicTest" name="testCompareDistanceToBegining" time="0.039"/>
  <system-out/>
  <testcase classname="by.training.service.CoordinateXYLogicTest" name="testFalseThreePointsOnLine" time="0.003"/>
  <system-out/>
  <testcase classname="by.training.service.CoordinateXYLogicTest" name="testTrueThreePointsOnLine" time="0.003"/>
  <system-out/>
  <testcase classname="by.training.service.CoordinateXYLogicTest" name="testTrueThreePointsOnLine" time="0.002"/>
  <system-out/>
  <testcase classname="by.training.service.CoordinateXYLogicTest" name="testDistanceFromCenter" time="0.017"/>
  <system-out/>
  <testcase classname="by.training.service.CoordinateXYLogicTest" name="testTrueThreePointsOnLine" time="0.003"/>
  <system-out/>
  <testcase classname="by.training.service.CoordinateXYLogicTest" name="testCompareDistanceToBegining" time="0.006"/>
  <system-out/>
  <testcase classname="by.training.service.CoordinateXYLogicTest" name="testFalseThreePointsOnLine" time="0.005"/>
  <system-out/>
  <testcase classname="by.training.service.CoordinateXYLogicTest" name="testDistanceFromCenter" time="0.003"/>
  <system-out/>
  <testcase classname="by.training.service.CoordinateXYLogicTest" name="testDistanceFromCenter" time="0.006"/>
  <system-out/>
  <testcase classname="by.training.service.CoordinateXYLogicTest" name="testFalseThreePointsOnLine" time="0.003"/>
  <system-out/>
  <testcase classname="by.training.service.CoordinateXYLogicTest" name="testDistanceFromCenter" time="0.004"/>
  <system-out/>
  <testcase classname="by.training.service.CoordinateXYLogicTest" name="testDistanceFromCenter" time="0.003"/>
  <system-out/>
  <testcase classname="by.training.service.CoordinateXYLogicTest" name="testDistanceFromCenter" time="0.003"/>
  <system-out/>
</testsuite> <!-- by.training.service.CoordinateXYLogicTest -->
