<?xml version="1.0" encoding="UTF-8"?>
<!-- Generated by org.testng.reporters.JUnitReportReporter -->
<testsuite hostname="1488-ПК" failures="0" tests="7" name="by.training.cycle29.Cycle29LogicTest" time="0.156" errors="0" timestamp="2021-05-29T14:48:30 MSK" skipped="0">
  <testcase classname="by.training.cycle29.Cycle29LogicTest" name="testCycle29Action" time="0.010"/>
  <system-out/>
  <testcase classname="by.training.cycle29.Cycle29LogicTest" name="testCycle29Action" time="0.007"/>
  <system-out/>
  <testcase classname="by.training.cycle29.Cycle29LogicTest" name="testCycle29Action1" time="0.016"/>
  <system-out/>
  <testcase classname="by.training.cycle29.Cycle29LogicTest" name="testCycle29Action" time="0.080"/>
  <system-out/>
  <testcase classname="by.training.cycle29.Cycle29LogicTest" name="testCycle29Action" time="0.011"/>
  <system-out/>
  <testcase classname="by.training.cycle29.Cycle29LogicTest" name="testCycle29Action" time="0.014"/>
  <system-out/>
  <testcase classname="by.training.cycle29.Cycle29LogicTest" name="testCycle29Action2" time="0.018"/>
  <system-out/>
</testsuite> <!-- by.training.cycle29.Cycle29LogicTest -->
