<?xml version="1.0" encoding="UTF-8"?>
<!-- Generated by org.testng.reporters.JUnitReportReporter -->
<testsuite hostname="1488-ПК" failures="0" tests="15" name="by.training.vetv05.vetv05LogicTest" time="0.291" errors="0" timestamp="2021-05-29T14:51:09 MSK" skipped="0">
  <testcase classname="by.training.vetv05.vetv05LogicTest" name="testCompareNumFromTxt0" time="0.048"/>
  <system-out/>
  <testcase classname="by.training.vetv05.vetv05LogicTest" name="testCompareNumFromTxt2" time="0.007"/>
  <system-out/>
  <testcase classname="by.training.vetv05.vetv05LogicTest" name="testCompareNumFromTxt2" time="0.023"/>
  <system-out/>
  <testcase classname="by.training.vetv05.vetv05LogicTest" name="testCompareNumFromTxtMinus1" time="0.012"/>
  <system-out/>
  <testcase classname="by.training.vetv05.vetv05LogicTest" name="testCompareNumFromTxtMinus1" time="0.005"/>
  <system-out/>
  <testcase classname="by.training.vetv05.vetv05LogicTest" name="testCompareNumFromTxtMinus1" time="0.013"/>
  <system-out/>
  <testcase classname="by.training.vetv05.vetv05LogicTest" name="testCompareNumFromTxt1" time="0.013"/>
  <system-out/>
  <testcase classname="by.training.vetv05.vetv05LogicTest" name="testCompareNumFromTxtMinus1" time="0.024"/>
  <system-out/>
  <testcase classname="by.training.vetv05.vetv05LogicTest" name="testCompareNumFromTxt2" time="0.009"/>
  <system-out/>
  <testcase classname="by.training.vetv05.vetv05LogicTest" name="testCompareNumFromTxt1" time="0.014"/>
  <system-out/>
  <testcase classname="by.training.vetv05.vetv05LogicTest" name="testCompareNumFromTxt0" time="0.018"/>
  <system-out/>
  <testcase classname="by.training.vetv05.vetv05LogicTest" name="testCompareNumFromTxt2" time="0.008"/>
  <system-out/>
  <testcase classname="by.training.vetv05.vetv05LogicTest" name="testCompareNumFromTxt1" time="0.076"/>
  <system-out/>
  <testcase classname="by.training.vetv05.vetv05LogicTest" name="testCompareNumFromTxt0" time="0.011"/>
  <system-out/>
  <testcase classname="by.training.vetv05.vetv05LogicTest" name="testCompareNumFromTxt1" time="0.010"/>
  <system-out/>
</testsuite> <!-- by.training.vetv05.vetv05LogicTest -->
