<?xml version="1.0" encoding="UTF-8"?>
<!-- Generated by org.testng.reporters.JUnitReportReporter -->
<testsuite hostname="1488-ПК" failures="0" tests="3" name="by.training.cycle21.Cycle21LogicTest" time="0.128" errors="0" timestamp="2021-05-29T14:31:10 MSK" skipped="0">
  <testcase classname="by.training.cycle21.Cycle21LogicTest" name="testCountFunctionWithParamFromTxtNegative2" time="0.024"/>
  <system-out/>
  <testcase classname="by.training.cycle21.Cycle21LogicTest" name="testCountFunctionWithParamFromTxtNegative1" time="0.008"/>
  <system-out/>
  <testcase classname="by.training.cycle21.Cycle21LogicTest" name="testCountFunctionWithParamFromTxt" time="0.096"/>
  <system-out/>
</testsuite> <!-- by.training.cycle21.Cycle21LogicTest -->
