<?xml version="1.0" encoding="UTF-8"?>
<!-- Generated by org.testng.reporters.JUnitReportReporter -->
<testsuite hostname="1488-ПК" failures="0" tests="5" name="by.training.vetv13.Vetv13LogicTest" time="0.213" errors="0" timestamp="2021-05-29T14:51:44 MSK" skipped="0">
  <testcase classname="by.training.vetv13.Vetv13LogicTest" name="negativeTestFromStrToDouble" time="0.074"/>
  <system-out/>
  <testcase classname="by.training.vetv13.Vetv13LogicTest" name="testCompareDistToBeginFromTxt" time="0.089"/>
  <system-out/>
  <testcase classname="by.training.vetv13.Vetv13LogicTest" name="testCompareDistToBeginFromTxt" time="0.017"/>
  <system-out/>
  <testcase classname="by.training.vetv13.Vetv13LogicTest" name="negativeTestFromStrToDouble2" time="0.012"/>
  <system-out/>
  <testcase classname="by.training.vetv13.Vetv13LogicTest" name="testCompareDistToBeginFromTxt" time="0.021"/>
  <system-out/>
</testsuite> <!-- by.training.vetv13.Vetv13LogicTest -->
