<?xml version="1.0" encoding="UTF-8"?>
<!-- Generated by org.testng.reporters.JUnitReportReporter -->
<testsuite hostname="1488-ПК" failures="0" tests="3" name="by.training.vetv21.Vetv21LogicTest" time="0.063" errors="0" timestamp="2021-05-29T14:52:20 MSK" skipped="0">
  <testcase classname="by.training.vetv21.Vetv21LogicTest" name="testPleaser" time="0.040"/>
  <system-out/>
  <testcase classname="by.training.vetv21.Vetv21LogicTest" name="testPleaser" time="0.005"/>
  <system-out/>
  <testcase classname="by.training.vetv21.Vetv21LogicTest" name="testPleaser" time="0.018"/>
  <system-out/>
</testsuite> <!-- by.training.vetv21.Vetv21LogicTest -->
