<?xml version="1.0" encoding="UTF-8"?>
<!-- Generated by org.testng.reporters.JUnitReportReporter -->
<testsuite hostname="1488-ПК" failures="0" tests="18" name="by.training.service.IntervalLogicTest" time="0.186" errors="0" timestamp="2021-05-29T14:49:22 MSK" skipped="0">
  <testcase classname="by.training.service.IntervalLogicTest" name="testCheckIntervalStepTrue" time="0.005"/>
  <system-out/>
  <testcase classname="by.training.service.IntervalLogicTest" name="testCheckIntervalStepFalse" time="0.008"/>
  <system-out/>
  <testcase classname="by.training.service.IntervalLogicTest" name="testCheckIntervalStepFalse" time="0.003"/>
  <system-out/>
  <testcase classname="by.training.service.IntervalLogicTest" name="testGetIntervalsStepNegative" time="0.003"/>
  <system-out/>
  <testcase classname="by.training.service.IntervalLogicTest" name="testGetIntervalsStep" time="0.067"/>
  <system-out/>
  <testcase classname="by.training.service.IntervalLogicTest" name="testGetIntervalsStepNegative" time="0.011"/>
  <system-out/>
  <testcase classname="by.training.service.IntervalLogicTest" name="testGetIntervalsStepNegative" time="0.005"/>
  <system-out/>
  <testcase classname="by.training.service.IntervalLogicTest" name="testCheckIntervalStepFalse" time="0.033"/>
  <system-out/>
  <testcase classname="by.training.service.IntervalLogicTest" name="testGetIntervalsStepNegative" time="0.004"/>
  <system-out/>
  <testcase classname="by.training.service.IntervalLogicTest" name="testCheckIntervalStepFalse" time="0.003"/>
  <system-out/>
  <testcase classname="by.training.service.IntervalLogicTest" name="testGetIntervalsStep" time="0.006"/>
  <system-out/>
  <testcase classname="by.training.service.IntervalLogicTest" name="testCheckIntervalStepTrue" time="0.002"/>
  <system-out/>
  <testcase classname="by.training.service.IntervalLogicTest" name="testGetIntervalsStepNegative" time="0.005"/>
  <system-out/>
  <testcase classname="by.training.service.IntervalLogicTest" name="testCheckIntervalStepTrue" time="0.003"/>
  <system-out/>
  <testcase classname="by.training.service.IntervalLogicTest" name="testCheckIntervalStepTrue" time="0.014"/>
  <system-out/>
  <testcase classname="by.training.service.IntervalLogicTest" name="testCheckIntervalStepFalse" time="0.003"/>
  <system-out/>
  <testcase classname="by.training.service.IntervalLogicTest" name="testCheckIntervalStepTrue" time="0.005"/>
  <system-out/>
  <testcase classname="by.training.service.IntervalLogicTest" name="testGetIntervalsStep" time="0.006"/>
  <system-out/>
</testsuite> <!-- by.training.service.IntervalLogicTest -->
