<?xml version="1.0" encoding="UTF-8"?>
<!-- Generated by org.testng.reporters.JUnitReportReporter -->
<testsuite hostname="1488-ПК" failures="0" tests="9" name="by.training.vetv37.Vetv37LogicTest" time="0.135" errors="0" timestamp="2021-05-29T14:53:21 MSK" skipped="0">
  <testcase classname="by.training.vetv37.Vetv37LogicTest" name="testCountXFromTxt" time="0.007"/>
  <system-out/>
  <testcase classname="by.training.vetv37.Vetv37LogicTest" name="negativeTestFromStrToDouble1" time="0.039"/>
  <system-out/>
  <testcase classname="by.training.vetv37.Vetv37LogicTest" name="testCountXFromTxt" time="0.012"/>
  <system-out/>
  <testcase classname="by.training.vetv37.Vetv37LogicTest" name="testCountXFromTxt" time="0.046"/>
  <system-out/>
  <testcase classname="by.training.vetv37.Vetv37LogicTest" name="testCountXFromTxt" time="0.006"/>
  <system-out/>
  <testcase classname="by.training.vetv37.Vetv37LogicTest" name="testCountXFromTxt" time="0.006"/>
  <system-out/>
  <testcase classname="by.training.vetv37.Vetv37LogicTest" name="testCountXFromTxt" time="0.007"/>
  <system-out/>
  <testcase classname="by.training.vetv37.Vetv37LogicTest" name="testCountXFromTxt" time="0.005"/>
  <system-out/>
  <testcase classname="by.training.vetv37.Vetv37LogicTest" name="negativeTestFromStrToDouble2" time="0.007"/>
  <system-out/>
</testsuite> <!-- by.training.vetv37.Vetv37LogicTest -->
