<?xml version="1.0" encoding="UTF-8"?>
<!-- Generated by org.testng.reporters.JUnitReportReporter -->
<testsuite hostname="1488-ПК" failures="0" tests="4" name="by.training.cycle37.Cycle37LogicTest" time="0.035" errors="0" timestamp="2021-05-29T14:48:55 MSK" skipped="0">
  <testcase classname="by.training.cycle37.Cycle37LogicTest" name="testFromIntToIntArr" time="0.027"/>
  <system-out/>
  <testcase classname="by.training.cycle37.Cycle37LogicTest" name="testFromIntToIntArr" time="0.002"/>
  <system-out/>
  <testcase classname="by.training.cycle37.Cycle37LogicTest" name="testFromIntToIntArr" time="0.003"/>
  <system-out/>
  <testcase classname="by.training.cycle37.Cycle37LogicTest" name="testFromIntToIntArr" time="0.003"/>
  <system-out/>
</testsuite> <!-- by.training.cycle37.Cycle37LogicTest -->
