<?xml version="1.0" encoding="UTF-8"?>
<!-- Generated by org.testng.reporters.JUnitReportReporter -->
<testsuite hostname="1488-ПК" failures="0" tests="4" name="by.training.vetv29.Vetv29LogicTest" time="0.107" errors="0" timestamp="2021-05-29T14:52:49 MSK" skipped="0">
  <testcase classname="by.training.vetv29.Vetv29LogicTest" name="test1CompareDistToBeginFromTxt" time="0.059"/>
  <system-out/>
  <testcase classname="by.training.vetv29.Vetv29LogicTest" name="test2CompareDistToBeginFromTxt" time="0.017"/>
  <system-out/>
  <testcase classname="by.training.vetv29.Vetv29LogicTest" name="test3CompareDistToBeginFromTxt" time="0.006"/>
  <system-out/>
  <testcase classname="by.training.vetv29.Vetv29LogicTest" name="test4CompareDistToBeginFromTxt" time="0.025"/>
  <system-out/>
</testsuite> <!-- by.training.vetv29.Vetv29LogicTest -->
